<?xml version="1.0" encoding="UTF-8"?>
<!-- Generated by org.testng.reporters.JUnitReportReporter -->
<testsuite hostname="sony-PC" failures="0" tests="1" name="com.test.api.PostSingleRepo" time="5.538" errors="0" timestamp="2022-12-19T12:35:54 IST" skipped="0">
  <testcase classname="com.test.api.PostSingleRepo" name="createSingleRepo" time="5.538"/>
  <system-out/>
</testsuite> <!-- com.test.api.PostSingleRepo -->
