<?xml version="1.0" encoding="UTF-8"?>
<!-- Generated by org.testng.reporters.JUnitReportReporter -->
<testsuite hostname="sony-PC" failures="0" tests="2" name="com.test.api.BasicReqres" time="4.599" errors="0" timestamp="2022-12-08T09:47:27 IST" skipped="0">
  <testcase classname="com.test.api.BasicReqres" name="getUseretails" time="3.613"/>
  <system-out/>
  <testcase classname="com.test.api.BasicReqres" name="postCreateUser" time="0.986"/>
  <system-out/>
</testsuite> <!-- com.test.api.BasicReqres -->
