<?xml version="1.0" encoding="UTF-8"?>
<!-- Generated by org.testng.reporters.JUnitReportReporter -->
<testsuite hostname="sony-PC" failures="0" tests="5" name="com.testng.Flipkart_Testng" time="77.026" errors="0" timestamp="2022-11-18T11:57:25 IST" skipped="0">
  <testcase classname="com.testng.Flipkart_Testng" name="user_launch_the_website" time="72.841"/>
  <system-out/>
  <testcase classname="com.testng.Flipkart_Testng" name="take_the_count_of_the_product_shown_in_the_page" time="0.072"/>
  <system-out/>
  <testcase classname="com.testng.Flipkart_Testng" name="checks_the_count_shown_on_top_of_the_page_and_print_as_string" time="0.044"/>
  <system-out/>
  <testcase classname="com.testng.Flipkart_Testng" name="converts_the_count_from_string_value_to_integer_value_and_prints" time="0.001"/>
  <system-out/>
  <testcase classname="com.testng.Flipkart_Testng" name="verify_the_count_and_prints" time="4.068"/>
  <system-out/>
</testsuite> <!-- com.testng.Flipkart_Testng -->
