<?xml version="1.0" encoding="UTF-8"?>
<!-- Generated by org.testng.reporters.JUnitReportReporter -->
<testsuite hostname="sony-PC" failures="0" tests="1" name="com.test.api.SingleRepo" time="4.271" errors="0" timestamp="2022-12-12T09:43:08 IST" skipped="0">
  <testcase classname="com.test.api.SingleRepo" name="createSingleRepo" time="4.271"/>
  <system-out/>
</testsuite> <!-- com.test.api.SingleRepo -->
